MPASM  5.49             MANDA_VALOR_PORTA.ASM   3-17-2013  16:54:31         PAGE  1


LOC  OBJECT CODE     LINE SOURCE TEXT
  VALUE

Warning[205]: Found directive in column 1. (PROCESSOR)
Warning[215]: Processor superseded by command line.  Verify processor symbol.
                      00001 PROCESSOR  16F84
                      00002 
                      00003 #include "p16f84.inc"
                      00001         LIST
                      00002 
                      00003 ;==========================================================================
                      00004 ;  MPASM PIC16F84 processor include
                      00005 ; 
                      00006 ;  (c) Copyright 1999-2013 Microchip Technology, All rights reserved
                      00007 ;==========================================================================
                      00008 
Message[301]: MESSAGE: (Processor-header file mismatch.  Verify selected processor.)
Error[126]  : Argument out of range (must be greater than or equal to 255)
Error[126]  : Argument out of range (__MAXRAM must be used first)
Error[126]  : Argument out of range (__MAXRAM must be used first)
Error[126]  : Argument out of range (__MAXRAM must be used first)
                      00206         LIST
                      00004 
                      00005 
                      00006 
Warning[205]: Found directive in column 1. (org)
000000                00007 org 0x00
Warning[203]: Found opcode in column 1. (goto)
000000 EF04 F000      00008 goto Main
                      00009 
Warning[205]: Found directive in column 1. (org)
000004                00010 org 0x04
Warning[203]: Found opcode in column 1. (goto)
000004 EF04 F000      00011 goto Main
                      00012 
                      00013 
                      00014 
000008                00015 Main 
                      00016 
000008                00017 BANK0
                      00018 
                      00019 
Warning[203]: Found opcode in column 1. (movlw)
000008 0E00           00020 movlw 0x00 ; w recebe  o valor literal 0x00
                      00021 
00000A                00022 acres
                      00023 
Warning[203]: Found opcode in column 1. (addlw)
00000A 0F01           00024 addlw 0x1; adiciona literal a w
Warning[203]: Found opcode in column 1. (movwf)
00000C 6E06           00025 movwf PORTB ; manda para a porta B o q estava em w
                      00026 
00000E EF05 F000      00027 Loop goto acres
                      00028 
Warning[205]: Found directive in column 1. (end)
                      00029 end
MPASM  5.49             MANDA_VALOR_PORTA.ASM   3-17-2013  16:54:31         PAGE  2


SYMBOL TABLE
  LABEL                             VALUE 

BANK0                             00000008
C                                 00000000
DC                                00000001
EEADR                             00000009
EECON1                            00000088
EECON2                            00000089
EEDATA                            00000008
EEIE                              00000006
EEIF                              00000004
F                                 00000001
FSR                               00000004
GIE                               00000007
INDF                              00000000
INTCON                            0000000B
INTE                              00000004
INTEDG                            00000006
INTF                              00000001
IRP                               00000007
Loop                              0000000E
Main                              00000008
NOT_PD                            00000003
NOT_RBPU                          00000007
NOT_TO                            00000004
OPTION_REG                        00000081
PCL                               00000002
PCLATH                            0000000A
PORTA                             00000005
PORTB                             00000006
PS0                               00000000
PS1                               00000001
PS2                               00000002
PSA                               00000003
RA0                               00000000
RA1                               00000001
RA2                               00000002
RA3                               00000003
RA4                               00000004
RB0                               00000000
RB1                               00000001
RB2                               00000002
RB3                               00000003
RB4                               00000004
RB5                               00000005
RB6                               00000006
RB7                               00000007
RBIE                              00000003
RBIF                              00000000
RD                                00000000
RP0                               00000005
RP1                               00000006
STATUS                            00000003
T0CS                              00000005
T0IE                              00000005
MPASM  5.49             MANDA_VALOR_PORTA.ASM   3-17-2013  16:54:31         PAGE  3


SYMBOL TABLE
  LABEL                             VALUE 

T0IF                              00000002
T0SE                              00000004
TMR0                              00000001
TMR0IE                            00000005
TMR0IF                            00000002
TRISA                             00000085
TRISA0                            00000000
TRISA1                            00000001
TRISA2                            00000002
TRISA3                            00000003
TRISA4                            00000004
TRISB                             00000086
TRISB0                            00000000
TRISB1                            00000001
TRISB2                            00000002
TRISB3                            00000003
TRISB4                            00000004
TRISB5                            00000005
TRISB6                            00000006
TRISB7                            00000007
W                                 00000000
WR                                00000001
WREN                              00000002
WRERR                             00000003
Z                                 00000002
_CONFIG                           00002007
_CP_OFF                           00003FFF
_CP_ON                            0000000F
_FOSC_EXTRC                       00003FFF
_FOSC_HS                          00003FFE
_FOSC_LP                          00003FFC
_FOSC_XT                          00003FFD
_HS_OSC                           00003FFE
_IDLOC0                           00002000
_IDLOC1                           00002001
_IDLOC2                           00002002
_IDLOC3                           00002003
_LP_OSC                           00003FFC
_PWRTE_OFF                        00003FFF
_PWRTE_ON                         00003FF7
_RC_OSC                           00003FFF
_WDTE_OFF                         00003FFB
_WDTE_ON                          00003FFF
_WDT_OFF                          00003FFB
_WDT_ON                           00003FFF
_XT_OSC                           00003FFD
__18F452                          00000001
acres                             0000000A
MPASM  5.49             MANDA_VALOR_PORTA.ASM   3-17-2013  16:54:31         PAGE  4


MEMORY USAGE MAP ('X' = Used,  '-' = Unused)


0000 : XXXXXXXXXXXXXXXX XX-------------- ---------------- ----------------

All other memory blocks unused.

Program Memory Bytes Used:    18
Program Memory Bytes Free: 32750


Errors   :     4
Warnings :    10 reported,     0 suppressed
Messages :     1 reported,     0 suppressed

