Warning[205] C:\DOCUMENTS AND SETTINGS\CASA\DESKTOP\ESTUDOELETRONICA\PROJETO_LED_PORTAS\SETA_PORTA.ASM 8 : Found directive in column 1. (org)
Warning[203] C:\DOCUMENTS AND SETTINGS\CASA\DESKTOP\ESTUDOELETRONICA\PROJETO_LED_PORTAS\SETA_PORTA.ASM 9 : Found opcode in column 1. (goto)
Warning[205] C:\DOCUMENTS AND SETTINGS\CASA\DESKTOP\ESTUDOELETRONICA\PROJETO_LED_PORTAS\SETA_PORTA.ASM 11 : Found directive in column 1. (org)
Warning[203] C:\DOCUMENTS AND SETTINGS\CASA\DESKTOP\ESTUDOELETRONICA\PROJETO_LED_PORTAS\SETA_PORTA.ASM 12 : Found opcode in column 1. (goto)
Warning[203] C:\DOCUMENTS AND SETTINGS\CASA\DESKTOP\ESTUDOELETRONICA\PROJETO_LED_PORTAS\SETA_PORTA.ASM 18 : Found opcode in column 1. (bcf)
Error[113]   C:\DOCUMENTS AND SETTINGS\CASA\DESKTOP\ESTUDOELETRONICA\PROJETO_LED_PORTAS\SETA_PORTA.ASM 18 : Symbol not previously defined (RP0)
Warning[203] C:\DOCUMENTS AND SETTINGS\CASA\DESKTOP\ESTUDOELETRONICA\PROJETO_LED_PORTAS\SETA_PORTA.ASM 20 : Found opcode in column 1. (clrf)
Warning[203] C:\DOCUMENTS AND SETTINGS\CASA\DESKTOP\ESTUDOELETRONICA\PROJETO_LED_PORTAS\SETA_PORTA.ASM 22 : Found opcode in column 1. (bsf)
Error[113]   C:\DOCUMENTS AND SETTINGS\CASA\DESKTOP\ESTUDOELETRONICA\PROJETO_LED_PORTAS\SETA_PORTA.ASM 22 : Symbol not previously defined (RP0)
Warning[203] C:\DOCUMENTS AND SETTINGS\CASA\DESKTOP\ESTUDOELETRONICA\PROJETO_LED_PORTAS\SETA_PORTA.ASM 24 : Found opcode in column 1. (movlw)
Warning[203] C:\DOCUMENTS AND SETTINGS\CASA\DESKTOP\ESTUDOELETRONICA\PROJETO_LED_PORTAS\SETA_PORTA.ASM 26 : Found opcode in column 1. (movwf)
Warning[203] C:\DOCUMENTS AND SETTINGS\CASA\DESKTOP\ESTUDOELETRONICA\PROJETO_LED_PORTAS\SETA_PORTA.ASM 28 : Found opcode in column 1. (bcf)
Error[113]   C:\DOCUMENTS AND SETTINGS\CASA\DESKTOP\ESTUDOELETRONICA\PROJETO_LED_PORTAS\SETA_PORTA.ASM 28 : Symbol not previously defined (RP0)
Warning[203] C:\DOCUMENTS AND SETTINGS\CASA\DESKTOP\ESTUDOELETRONICA\PROJETO_LED_PORTAS\SETA_PORTA.ASM 30 : Found opcode in column 1. (clrf)
Warning[203] C:\DOCUMENTS AND SETTINGS\CASA\DESKTOP\ESTUDOELETRONICA\PROJETO_LED_PORTAS\SETA_PORTA.ASM 32 : Found opcode in column 1. (movlw)
Warning[203] C:\DOCUMENTS AND SETTINGS\CASA\DESKTOP\ESTUDOELETRONICA\PROJETO_LED_PORTAS\SETA_PORTA.ASM 34 : Found opcode in column 1. (movwf)
Warning[203] C:\DOCUMENTS AND SETTINGS\CASA\DESKTOP\ESTUDOELETRONICA\PROJETO_LED_PORTAS\SETA_PORTA.ASM 39 : Found opcode in column 1. (movlw)
Warning[203] C:\DOCUMENTS AND SETTINGS\CASA\DESKTOP\ESTUDOELETRONICA\PROJETO_LED_PORTAS\SETA_PORTA.ASM 41 : Found opcode in column 1. (movwf)
Warning[203] C:\DOCUMENTS AND SETTINGS\CASA\DESKTOP\ESTUDOELETRONICA\PROJETO_LED_PORTAS\SETA_PORTA.ASM 44 : Found opcode in column 1. (movlw)
Warning[203] C:\DOCUMENTS AND SETTINGS\CASA\DESKTOP\ESTUDOELETRONICA\PROJETO_LED_PORTAS\SETA_PORTA.ASM 48 : Found opcode in column 1. (goto)
Warning[205] C:\DOCUMENTS AND SETTINGS\CASA\DESKTOP\ESTUDOELETRONICA\PROJETO_LED_PORTAS\SETA_PORTA.ASM 50 : Found directive in column 1. (End)
